<?xml version="1.0" encoding="UTF-8"?>
<!-- Generated by org.testng.reporters.JUnitReportReporter -->
<testsuite skipped="0" hostname="localhost" name="lessons.TestngReportDemo" tests="1" failures="0" timestamp="28 八月 2019 11:10:15 GMT" time="2.338" errors="0">
  <testcase name="testReport" time="2.338" classname="lessons.TestngReportDemo"/>
</testsuite> <!-- lessons.TestngReportDemo -->
