<?xml version="1.0" encoding="UTF-8"?>
<!-- Generated by org.testng.reporters.JUnitReportReporter -->
<testsuite skipped="0" hostname="localhost" name="lessons.TestCrossBrowser" tests="2" failures="0" timestamp="28 八月 2019 11:37:52 GMT" time="8.654" errors="0">
  <testcase name="startBrowser" time="2.202" classname="lessons.TestCrossBrowser"/>
  <testcase name="startBrowser" time="6.452" classname="lessons.TestCrossBrowser"/>
</testsuite> <!-- lessons.TestCrossBrowser -->
